<?xml version="1.0" encoding="UTF-8"?>
<testng-results skipped="1" failed="0" ignored="0" total="1" passed="0">
  <reporter-output>
    <line>
      <![CDATA[<div "result">&quot;URL&quot; of Myntra (FAILED : 2s)</div>]]>
    </line>
    <line>
      <![CDATA[<div "result">User logged in with &quot;kumarvinayu@gmail.com&quot; and &quot;Vinay@123&quot; (SKIPPED)</div>]]>
    </line>
    <line>
      <![CDATA[<div "result">Selects a category (SKIPPED)</div>]]>
    </line>
    <line>
      <![CDATA[<div "result">Search for a &quot;Tommy Hilfiger&quot; (SKIPPED)</div>]]>
    </line>
    <line>
      <![CDATA[<div "result">Results are displayed (SKIPPED)</div>]]>
    </line>
  </reporter-output>
  <suite name="Suite" duration-ms="3049" started-at="2018-09-09T14:42:24Z" finished-at="2018-09-09T14:42:27Z">
    <groups>
      <group name="cucumber">
        <method signature="AbstractTestNGCucumberTests.runScenario(cucumber.api.testng.PickleEventWrapper, cucumber.api.testng.CucumberFeatureWrapper)[pri:0, instance:my.project.automation.wolfram_alpha.cucumberTest@1068e947]" name="runScenario" class="cucumber.api.testng.AbstractTestNGCucumberTests"/>
      </group> <!-- cucumber -->
    </groups>
    <test name="Test" duration-ms="3049" started-at="2018-09-09T14:42:24Z" finished-at="2018-09-09T14:42:27Z">
      <class name="my.project.automation.wolfram_alpha.cucumberTest">
        <test-method status="PASS" signature="setUpClass()[pri:0, instance:my.project.automation.wolfram_alpha.cucumberTest@1068e947]" name="setUpClass" is-config="true" duration-ms="514" started-at="2018-09-09T14:42:24Z" finished-at="2018-09-09T14:42:24Z">
          <reporter-output>
          </reporter-output>
        </test-method> <!-- setUpClass -->
        <test-method status="SKIP" signature="runScenario(cucumber.api.testng.PickleEventWrapper, cucumber.api.testng.CucumberFeatureWrapper)[pri:0, instance:my.project.automation.wolfram_alpha.cucumberTest@1068e947]" name="runScenario" duration-ms="2309" started-at="2018-09-09T14:42:25Z" description="Runs Cucumber Scenarios" data-provider="scenarios" finished-at="2018-09-09T14:42:27Z">
          <params>
            <param index="0">
              <value>
                <![CDATA["Searching for Mens Top wear in Myntra"]]>
              </value>
            </param>
            <param index="1">
              <value>
                <![CDATA["Shopping a product in Myntra"]]>
              </value>
            </param>
          </params>
          <exception class="java.lang.NoClassDefFoundError">
            <message>
              <![CDATA[android/util/Log]]>
            </message>
            <full-stacktrace>
              <![CDATA[java.lang.NoClassDefFoundError: android/util/Log
at org.slf4j.impl.AndroidLoggerAdapter.isLoggable(AndroidLoggerAdapter.java:543)
at org.slf4j.impl.AndroidLoggerAdapter.isDebugEnabled(AndroidLoggerAdapter.java:185)
at org.apache.commons.logging.impl.SLF4JLog.isDebugEnabled(SLF4JLog.java:56)
at org.apache.http.client.protocol.RequestAddCookies.process(RequestAddCookies.java:122)
at org.apache.http.protocol.ImmutableHttpProcessor.process(ImmutableHttpProcessor.java:133)
at org.apache.http.impl.execchain.ProtocolExec.execute(ProtocolExec.java:183)
at org.apache.http.impl.execchain.RetryExec.execute(RetryExec.java:89)
at org.apache.http.impl.execchain.RedirectExec.execute(RedirectExec.java:111)
at org.apache.http.impl.client.InternalHttpClient.doExecute(InternalHttpClient.java:185)
at org.apache.http.impl.client.CloseableHttpClient.execute(CloseableHttpClient.java:72)
at org.apache.http.impl.client.CloseableHttpClient.execute(CloseableHttpClient.java:56)
at org.openqa.selenium.remote.internal.ApacheHttpClient.fallBackExecute(ApacheHttpClient.java:139)
at org.openqa.selenium.remote.internal.ApacheHttpClient.execute(ApacheHttpClient.java:87)
at org.openqa.selenium.remote.ProtocolHandshake.createSession(ProtocolHandshake.java:343)
at org.openqa.selenium.remote.ProtocolHandshake.createSession(ProtocolHandshake.java:159)
at org.openqa.selenium.remote.HttpCommandExecutor.execute(HttpCommandExecutor.java:142)
at org.openqa.selenium.remote.service.DriverCommandExecutor.execute(DriverCommandExecutor.java:82)
at org.openqa.selenium.remote.RemoteWebDriver.execute(RemoteWebDriver.java:637)
at org.openqa.selenium.remote.RemoteWebDriver.startSession(RemoteWebDriver.java:250)
at org.openqa.selenium.remote.RemoteWebDriver.startSession(RemoteWebDriver.java:236)
at org.openqa.selenium.remote.RemoteWebDriver.<init>(RemoteWebDriver.java:137)
at org.openqa.selenium.chrome.ChromeDriver.<init>(ChromeDriver.java:184)
at org.openqa.selenium.chrome.ChromeDriver.<init>(ChromeDriver.java:171)
at org.openqa.selenium.chrome.ChromeDriver.<init>(ChromeDriver.java:124)
at my.project.automation.wolfram_alpha.Webdriver.getWebDriver(Webdriver.java:25)
at stepdef.connector.MyntraConnector.openMyntra(MyntraConnector.java:16)
at my.project.automation.wolfram_alpha.StepDefinition.openMyntraSite(StepDefinition.java:46)
at âœ½."URL" of Myntra(src/test/resources/myntra.feature:5)
Caused by: java.lang.ClassNotFoundException: android.util.Log
at java.net.URLClassLoader.findClass(URLClassLoader.java:381)
at java.lang.ClassLoader.loadClass(ClassLoader.java:424)
at sun.misc.Launcher$AppClassLoader.loadClass(Launcher.java:349)
at java.lang.ClassLoader.loadClass(ClassLoader.java:357)
at org.slf4j.impl.AndroidLoggerAdapter.isLoggable(AndroidLoggerAdapter.java:543)
at org.slf4j.impl.AndroidLoggerAdapter.isDebugEnabled(AndroidLoggerAdapter.java:185)
at org.apache.commons.logging.impl.SLF4JLog.isDebugEnabled(SLF4JLog.java:56)
at org.apache.http.client.protocol.RequestAddCookies.process(RequestAddCookies.java:122)
at org.apache.http.protocol.ImmutableHttpProcessor.process(ImmutableHttpProcessor.java:133)
at org.apache.http.impl.execchain.ProtocolExec.execute(ProtocolExec.java:183)
at org.apache.http.impl.execchain.RetryExec.execute(RetryExec.java:89)
at org.apache.http.impl.execchain.RedirectExec.execute(RedirectExec.java:111)
at org.apache.http.impl.client.InternalHttpClient.doExecute(InternalHttpClient.java:185)
at org.apache.http.impl.client.CloseableHttpClient.execute(CloseableHttpClient.java:72)
at org.apache.http.impl.client.CloseableHttpClient.execute(CloseableHttpClient.java:56)
at org.openqa.selenium.remote.internal.ApacheHttpClient.fallBackExecute(ApacheHttpClient.java:139)
at org.openqa.selenium.remote.internal.ApacheHttpClient.execute(ApacheHttpClient.java:87)
at org.openqa.selenium.remote.ProtocolHandshake.createSession(ProtocolHandshake.java:343)
at org.openqa.selenium.remote.ProtocolHandshake.createSession(ProtocolHandshake.java:159)
at org.openqa.selenium.remote.HttpCommandExecutor.execute(HttpCommandExecutor.java:142)
at org.openqa.selenium.remote.service.DriverCommandExecutor.execute(DriverCommandExecutor.java:82)
at org.openqa.selenium.remote.RemoteWebDriver.execute(RemoteWebDriver.java:637)
at org.openqa.selenium.remote.RemoteWebDriver.startSession(RemoteWebDriver.java:250)
at org.openqa.selenium.remote.RemoteWebDriver.startSession(RemoteWebDriver.java:236)
at org.openqa.selenium.remote.RemoteWebDriver.<init>(RemoteWebDriver.java:137)
at org.openqa.selenium.chrome.ChromeDriver.<init>(ChromeDriver.java:184)
at org.openqa.selenium.chrome.ChromeDriver.<init>(ChromeDriver.java:171)
at org.openqa.selenium.chrome.ChromeDriver.<init>(ChromeDriver.java:124)
at my.project.automation.wolfram_alpha.Webdriver.getWebDriver(Webdriver.java:25)
at stepdef.connector.MyntraConnector.openMyntra(MyntraConnector.java:16)
at my.project.automation.wolfram_alpha.StepDefinition.openMyntraSite(StepDefinition.java:46)
at sun.reflect.NativeMethodAccessorImpl.invoke0(Native Method)
at sun.reflect.NativeMethodAccessorImpl.invoke(NativeMethodAccessorImpl.java:62)
at sun.reflect.DelegatingMethodAccessorImpl.invoke(DelegatingMethodAccessorImpl.java:43)
at java.lang.reflect.Method.invoke(Method.java:498)
at cucumber.runtime.Utils$1.call(Utils.java:26)
at cucumber.runtime.Timeout.timeout(Timeout.java:16)
at cucumber.runtime.Utils.invoke(Utils.java:20)
at cucumber.runtime.java.JavaStepDefinition.execute(JavaStepDefinition.java:48)
at cucumber.runtime.PickleStepDefinitionMatch.runStep(PickleStepDefinitionMatch.java:50)
at cucumber.runner.TestStep.executeStep(TestStep.java:55)
at cucumber.runner.TestStep.run(TestStep.java:42)
at cucumber.runner.PickleStepTestStep.run(PickleStepTestStep.java:53)
at cucumber.runner.TestCase.run(TestCase.java:47)
at cucumber.runner.Runner.runPickle(Runner.java:44)
at cucumber.api.testng.TestNGCucumberRunner.runScenario(TestNGCucumberRunner.java:56)
at cucumber.api.testng.AbstractTestNGCucumberTests.runScenario(AbstractTestNGCucumberTests.java:22)
at sun.reflect.NativeMethodAccessorImpl.invoke0(Native Method)
at sun.reflect.NativeMethodAccessorImpl.invoke(NativeMethodAccessorImpl.java:62)
at sun.reflect.DelegatingMethodAccessorImpl.invoke(DelegatingMethodAccessorImpl.java:43)
at java.lang.reflect.Method.invoke(Method.java:498)
at org.testng.internal.MethodInvocationHelper.invokeMethod(MethodInvocationHelper.java:124)
at org.testng.internal.Invoker.invokeMethod(Invoker.java:583)
at org.testng.internal.Invoker.invokeTestMethod(Invoker.java:719)
at org.testng.internal.Invoker.invokeTestMethods(Invoker.java:989)
at org.testng.internal.TestMethodWorker.invokeTestMethods(TestMethodWorker.java:125)
at org.testng.internal.TestMethodWorker.run(TestMethodWorker.java:109)
at org.testng.TestRunner.privateRun(TestRunner.java:648)
at org.testng.TestRunner.run(TestRunner.java:505)
at org.testng.SuiteRunner.runTest(SuiteRunner.java:455)
at org.testng.SuiteRunner.runSequentially(SuiteRunner.java:450)
at org.testng.SuiteRunner.privateRun(SuiteRunner.java:415)
at org.testng.SuiteRunner.run(SuiteRunner.java:364)
at org.testng.SuiteRunnerWorker.runSuite(SuiteRunnerWorker.java:52)
at org.testng.SuiteRunnerWorker.run(SuiteRunnerWorker.java:84)
at org.testng.TestNG.runSuitesSequentially(TestNG.java:1208)
at org.testng.TestNG.runSuitesLocally(TestNG.java:1137)
at org.testng.TestNG.runSuites(TestNG.java:1049)
at org.testng.TestNG.run(TestNG.java:1017)
at org.testng.remote.AbstractRemoteTestNG.run(AbstractRemoteTestNG.java:114)
at org.testng.remote.RemoteTestNG.initAndRun(RemoteTestNG.java:251)
at org.testng.remote.RemoteTestNG.main(RemoteTestNG.java:77)
]]>
            </full-stacktrace>
          </exception> <!-- java.lang.NoClassDefFoundError -->
          <reporter-output>
            <line>
              <![CDATA[<div "result">&quot;URL&quot; of Myntra (FAILED : 2s)</div>]]>
            </line>
            <line>
              <![CDATA[<div "result">User logged in with &quot;kumarvinayu@gmail.com&quot; and &quot;Vinay@123&quot; (SKIPPED)</div>]]>
            </line>
            <line>
              <![CDATA[<div "result">Selects a category (SKIPPED)</div>]]>
            </line>
            <line>
              <![CDATA[<div "result">Search for a &quot;Tommy Hilfiger&quot; (SKIPPED)</div>]]>
            </line>
            <line>
              <![CDATA[<div "result">Results are displayed (SKIPPED)</div>]]>
            </line>
          </reporter-output>
        </test-method> <!-- runScenario -->
        <test-method status="PASS" signature="tearDownClass()[pri:0, instance:my.project.automation.wolfram_alpha.cucumberTest@1068e947]" name="tearDownClass" is-config="true" duration-ms="21" started-at="2018-09-09T14:42:27Z" finished-at="2018-09-09T14:42:27Z">
          <reporter-output>
          </reporter-output>
        </test-method> <!-- tearDownClass -->
      </class> <!-- my.project.automation.wolfram_alpha.cucumberTest -->
    </test> <!-- Test -->
  </suite> <!-- Suite -->
</testng-results>
